PLINK v2.00a2.3 32-bit (24 Jan 2020)
Options in effect:
  --chr 11
  --export A
  --from-bp 60618413
  --id-delim
  --mac 1
  --max-maf 0.05
  --out /mnt/pan/Data14/adsp/adsp_wes_missense/input/ENSG00000183134
  --remove-fam /mnt/pan/Data14/adsp/adsp_wes_missense/remove.ind
  --set-all-var-ids @:#:$r:$a
  --snps-only
  --to-bp 60623444
  --vcf /mnt/pan/Data14/adsp/adsp_wes_missense/input/ENSG00000183134.csq

Hostname: hpc4
Working directory: /mnt/pan/Data14/adsp
Start time: Thu Nov 11 09:26:20 2021

Random number seed: 1636640780
96292 MiB RAM detected; reserving 2047 MiB for main workspace.
Using up to 48 threads (change this with --threads).
--vcf: 38 variants scanned.
--vcf:
/mnt/pan/Data14/adsp/adsp_wes_missense/input/ENSG00000183134-temporary.pgen +
/mnt/pan/Data14/adsp/adsp_wes_missense/input/ENSG00000183134-temporary.pvar +
/mnt/pan/Data14/adsp/adsp_wes_missense/input/ENSG00000183134-temporary.psam
written.
10913 samples (0 females, 0 males, 10913 ambiguous; 10913 founders) loaded from
/mnt/pan/Data14/adsp/adsp_wes_missense/input/ENSG00000183134-temporary.psam.
38 variants loaded from
/mnt/pan/Data14/adsp/adsp_wes_missense/input/ENSG00000183134-temporary.pvar.
Note: No phenotype data present.
--remove-fam: 10441 samples remaining.
10441 samples (0 females, 0 males, 10441 ambiguous; 10441 founders) remaining
after main filters.
Calculating allele frequencies... done.
5 variants removed due to allele frequency threshold(s)
(--maf/--max-maf/--mac/--max-mac).
33 variants remaining after main filters.
--export A: /mnt/pan/Data14/adsp/adsp_wes_missense/input/ENSG00000183134.raw
written.

End time: Thu Nov 11 09:26:21 2021
